#-----------------------------------------------------------
# Vivado v2016.4 (64-bit)
# SW Build 1756540 on Mon Jan 23 19:11:23 MST 2017
# IP Build 1755317 on Mon Jan 23 20:30:07 MST 2017
# Start of session at: Mon Jan 18 13:50:51 2021
# Process ID: 16836
# Current directory: C:/Users/ahmet/Desktop/test_code
# Command line: vivado.exe -gui_launcher_event rodinguilauncherevent11956 C:\Users\ahmet\Desktop\test_code\test_code.xpr
# Log file: C:/Users/ahmet/Desktop/test_code/vivado.log
# Journal file: C:/Users/ahmet/Desktop/test_code\vivado.jou
#-----------------------------------------------------------
start_gui
open_project C:/Users/ahmet/Desktop/test_code/test_code.xpr
Scanning sources...
Finished scanning sources
INFO: [IP_Flow 19-234] Refreshing IP repositories
INFO: [IP_Flow 19-1700] Loaded user IP repository 'c:/Users/ahmet/Desktop/PID_Controller.pkg'.
INFO: [IP_Flow 19-2313] Loaded Vivado IP repository 'D:/Xilinx/Vivado/2016.4/data/ip'.
open_project: Time (s): cpu = 00:00:08 ; elapsed = 00:00:07 . Memory (MB): peak = 841.762 ; gain = 138.234
reset_run synth_1
launch_runs impl_1 -to_step write_bitstream -jobs 12
INFO: [Vivado 12-4149] The synthesis checkpoint for IP 'C:/Users/ahmet/Desktop/test_code/test_code.srcs/sources_1/ip/vio_0/vio_0.xci' is already up-to-date
[Mon Jan 18 14:01:32 2021] Launched synth_1...
Run output will be captured here: C:/Users/ahmet/Desktop/test_code/test_code.runs/synth_1/runme.log
[Mon Jan 18 14:01:32 2021] Launched impl_1...
Run output will be captured here: C:/Users/ahmet/Desktop/test_code/test_code.runs/impl_1/runme.log
ERROR: [Vivado 12-106] *** Exception: java.lang.ArrayIndexOutOfBoundsException: -1 (See C:/Users/ahmet/Desktop/test_code/vivado_pid16836.debug)
reset_run impl_1
reset_run synth_1
launch_runs impl_1 -jobs 12
INFO: [Vivado 12-4149] The synthesis checkpoint for IP 'C:/Users/ahmet/Desktop/test_code/test_code.srcs/sources_1/ip/vio_0/vio_0.xci' is already up-to-date
[Mon Jan 18 14:05:52 2021] Launched synth_1...
Run output will be captured here: C:/Users/ahmet/Desktop/test_code/test_code.runs/synth_1/runme.log
[Mon Jan 18 14:05:52 2021] Launched impl_1...
Run output will be captured here: C:/Users/ahmet/Desktop/test_code/test_code.runs/impl_1/runme.log
launch_runs impl_1 -to_step write_bitstream -jobs 12
INFO: [Vivado 12-4149] The synthesis checkpoint for IP 'C:/Users/ahmet/Desktop/test_code/test_code.srcs/sources_1/ip/vio_0/vio_0.xci' is already up-to-date
[Mon Jan 18 14:13:57 2021] Launched impl_1...
Run output will be captured here: C:/Users/ahmet/Desktop/test_code/test_code.runs/impl_1/runme.log
reset_run synth_1
launch_runs impl_1 -to_step write_bitstream -jobs 12
INFO: [Vivado 12-4149] The synthesis checkpoint for IP 'C:/Users/ahmet/Desktop/test_code/test_code.srcs/sources_1/ip/vio_0/vio_0.xci' is already up-to-date
[Mon Jan 18 14:15:36 2021] Launched synth_1...
Run output will be captured here: C:/Users/ahmet/Desktop/test_code/test_code.runs/synth_1/runme.log
[Mon Jan 18 14:15:36 2021] Launched impl_1...
Run output will be captured here: C:/Users/ahmet/Desktop/test_code/test_code.runs/impl_1/runme.log
exit
INFO: [Common 17-206] Exiting Vivado at Mon Jan 18 14:35:10 2021...
