#-----------------------------------------------------------
# Vivado v2016.4 (64-bit)
# SW Build 1756540 on Mon Jan 23 19:11:23 MST 2017
# IP Build 1755317 on Mon Jan 23 20:30:07 MST 2017
# Start of session at: Wed Jan 20 12:54:04 2021
# Process ID: 15280
# Current directory: C:/Users/ahmet/Desktop/test_code - Kopya (2)
# Command line: vivado.exe -gui_launcher_event rodinguilauncherevent14616 C:\Users\ahmet\Desktop\test_code - Kopya (2)\test_code.xpr
# Log file: C:/Users/ahmet/Desktop/test_code - Kopya (2)/vivado.log
# Journal file: C:/Users/ahmet/Desktop/test_code - Kopya (2)\vivado.jou
#-----------------------------------------------------------
start_gui
open_project {C:/Users/ahmet/Desktop/test_code - Kopya (2)/test_code.xpr}
INFO: [Project 1-313] Project file moved from 'C:/Users/ahmet/Desktop/test_code' since last save.
Scanning sources...
Finished scanning sources
INFO: [IP_Flow 19-234] Refreshing IP repositories
INFO: [IP_Flow 19-1700] Loaded user IP repository 'c:/Users/ahmet/Desktop/PID_Controller.pkg'.
INFO: [IP_Flow 19-2313] Loaded Vivado IP repository 'D:/Xilinx/Vivado/2016.4/data/ip'.
exit
INFO: [Common 17-206] Exiting Vivado at Wed Jan 20 13:03:32 2021...
