Copyright 1986-2020 Xilinx, Inc. All Rights Reserved.
------------------------------------------------------------------------------------
| Tool Version : Vivado v.2020.1 (win64) Build 2902540 Wed May 27 19:54:49 MDT 2020
| Date         : Sun Jul 26 11:32:15 2020
| Host         : Ege-PC running 64-bit major release  (build 9200)
| Command      : upgrade_ip
| Device       : xc7a35tcpg236-1
------------------------------------------------------------------------------------

Upgrade Log for IP 'multiplier_core'

1. Summary
----------

SUCCESS in the conversion of multiplier_core (xilinx.com:ip:floating_point:7.1 (Rev. 10)) to Vivado generation flows.






Copyright 1986-2020 Xilinx, Inc. All Rights Reserved.
------------------------------------------------------------------------------------
| Tool Version : Vivado v.2020.1 (win64) Build 2902540 Wed May 27 19:54:49 MDT 2020
| Date         : Sun Jul 26 11:31:58 2020
| Host         : Ege-PC running 64-bit major release  (build 9200)
| Command      : upgrade_ip
| Device       : xc7a35tcpg236-1
------------------------------------------------------------------------------------

Upgrade Log for IP 'accumulator_core'

1. Summary
----------

SUCCESS in the conversion of accumulator_core (xilinx.com:ip:floating_point:7.1 (Rev. 10)) to Vivado generation flows.

