#-----------------------------------------------------------
# Vivado v2018.3 (64-bit)
# SW Build 2405991 on Thu Dec  6 23:38:27 MST 2018
# IP Build 2404404 on Fri Dec  7 01:43:56 MST 2018
# Start of session at: Tue Jul 28 08:16:28 2020
# Process ID: 1184
# Current directory: C:/Users/90534/Desktop/Summer Project/pid_controller_v1
# Command line: vivado.exe -gui_launcher_event rodinguilauncherevent17684 C:\Users\90534\Desktop\Summer Project\pid_controller_v1\pid_controller_v1.xpr
# Log file: C:/Users/90534/Desktop/Summer Project/pid_controller_v1/vivado.log
# Journal file: C:/Users/90534/Desktop/Summer Project/pid_controller_v1\vivado.jou
#-----------------------------------------------------------
start_gui
open_project {C:/Users/90534/Desktop/Summer Project/pid_controller_v1/pid_controller_v1.xpr}
INFO: [Common 17-41] Interrupt caught. Command should exit soon.
INFO: [Common 17-344] 'open_project' was cancelled
open_project C:/Users/90534/project_1/project_1.xpr
Scanning sources...
Finished scanning sources
INFO: [IP_Flow 19-234] Refreshing IP repositories
INFO: [IP_Flow 19-1704] No user IP repositories specified
INFO: [IP_Flow 19-2313] Loaded Vivado IP repository 'C:/Xilinx/Vivado/2018.3/data/ip'.
open_project: Time (s): cpu = 00:00:12 ; elapsed = 00:00:06 . Memory (MB): peak = 816.598 ; gain = 85.117
update_compile_order -fileset sources_1
synth_design -rtl -name rtl_1
Command: synth_design -rtl -name rtl_1
Starting synth_design
Using part: xc7a35tcpg236-1
Top: top_module
0 Infos, 0 Warnings, 0 Critical Warnings and 1 Errors encountered.
synth_design failed
ERROR: [Runs 36-378] The checkpoint 'C:/Users/90534/Desktop/Summer Project/pid_controller_v1/.Xil/Vivado-1184-Erdem/multiplier_core/multiplier_core.dcp' was created with 'Vivado v2020.1 (64-bit)', and cannot be opened in this version.
exit
INFO: [Common 17-206] Exiting Vivado at Tue Jul 28 10:12:03 2020...
