#-----------------------------------------------------------
# Vivado v2018.3 (64-bit)
# SW Build 2405991 on Thu Dec  6 23:38:27 MST 2018
# IP Build 2404404 on Fri Dec  7 01:43:56 MST 2018
# Start of session at: Mon Jul 27 19:52:03 2020
# Process ID: 24216
# Current directory: C:/Users/90534/Desktop/Summer Project/pid_controller_v1
# Command line: vivado.exe -gui_launcher_event rodinguilauncherevent6616 C:\Users\90534\Desktop\Summer Project\pid_controller_v1\pid_controller_v1.xpr
# Log file: C:/Users/90534/Desktop/Summer Project/pid_controller_v1/vivado.log
# Journal file: C:/Users/90534/Desktop/Summer Project/pid_controller_v1\vivado.jou
#-----------------------------------------------------------
start_gui
open_project {C:/Users/90534/Desktop/Summer Project/pid_controller_v1/pid_controller_v1.xpr}
INFO: [Project 1-313] Project file moved from 'D:/my/Vivado/pid_controller_v1' since last save.
ERROR: [Project 1-208] No val for DA Elab Attr
Scanning sources...
Finished scanning sources
CRITICAL WARNING: [Project 1-192] Failed to load run synth_1. Strategy Vivado Synthesis Defaults (Vivado Synthesis 2020) not recognized by Vivado. 

CRITICAL WARNING: [Project 1-192] Failed to load run multiplier_core_synth_1. Strategy Vivado Synthesis Defaults (Vivado Synthesis 2020) not recognized by Vivado. 

CRITICAL WARNING: [Project 1-192] Failed to load run adder_core_synth_1. Strategy Vivado Synthesis Defaults (Vivado Synthesis 2020) not recognized by Vivado. 

CRITICAL WARNING: [Project 1-192] Failed to load run fixed_to_float_synth_1. Strategy Vivado Synthesis Defaults (Vivado Synthesis 2020) not recognized by Vivado. 

CRITICAL WARNING: [Project 1-192] Failed to load run accumulator_core_synth_1. Strategy Vivado Synthesis Defaults (Vivado Synthesis 2020) not recognized by Vivado. 

CRITICAL WARNING: [Project 1-192] Failed to load run float_to_fixed_synth_1. Strategy Vivado Synthesis Defaults (Vivado Synthesis 2020) not recognized by Vivado. 

CRITICAL WARNING: [Project 1-192] Failed to load run impl_1. Strategy Vivado Implementation Defaults (Vivado Implementation 2020) not recognized by Vivado. 

CRITICAL WARNING: [Project 1-192] Failed to load run multiplier_core_impl_1. Strategy Vivado Implementation Defaults (Vivado Implementation 2020) not recognized by Vivado. 

CRITICAL WARNING: [Project 1-192] Failed to load run adder_core_impl_1. Strategy Vivado Implementation Defaults (Vivado Implementation 2020) not recognized by Vivado. 

CRITICAL WARNING: [Project 1-192] Failed to load run fixed_to_float_impl_1. Strategy Vivado Implementation Defaults (Vivado Implementation 2020) not recognized by Vivado. 

CRITICAL WARNING: [Project 1-192] Failed to load run accumulator_core_impl_1. Strategy Vivado Implementation Defaults (Vivado Implementation 2020) not recognized by Vivado. 

CRITICAL WARNING: [Project 1-192] Failed to load run float_to_fixed_impl_1. Strategy Vivado Implementation Defaults (Vivado Implementation 2020) not recognized by Vivado. 

CRITICAL WARNING: [Project 1-532] XML ERROR: Project Option SimulatorInstallDirModelSim has no valid value
CRITICAL WARNING: [Project 1-532] XML ERROR: Project Option SimulatorInstallDirQuesta has no valid value
CRITICAL WARNING: [Project 1-532] XML ERROR: Project Option SimulatorInstallDirIES has no valid value
CRITICAL WARNING: [Project 1-532] XML ERROR: Project Option SimulatorInstallDirXcelium has no valid value
CRITICAL WARNING: [Project 1-532] XML ERROR: Project Option SimulatorInstallDirVCS has no valid value
CRITICAL WARNING: [Project 1-532] XML ERROR: Project Option SimulatorInstallDirRiviera has no valid value
CRITICAL WARNING: [Project 1-532] XML ERROR: Project Option SimulatorInstallDirActiveHdl has no valid value
CRITICAL WARNING: [Project 1-505] Unrecognized Option Name IPDefaultOutputPath
CRITICAL WARNING: [Project 1-505] Unrecognized Option Name DcpsUptoDate
INFO: [IP_Flow 19-234] Refreshing IP repositories
INFO: [IP_Flow 19-1704] No user IP repositories specified
INFO: [IP_Flow 19-2313] Loaded Vivado IP repository 'C:/Xilinx/Vivado/2018.3/data/ip'.
WARNING: [Project 1-231] Project 'pid_controller_v1.xpr' was created with a future version and may or may not perform reliably with this version of Vivado. It has been opened in read-only mode for the protection of unrecognized data. Use 'File | Save Project As...' if you wish to alter a copy of the project.
open_project: Time (s): cpu = 00:00:11 ; elapsed = 00:00:06 . Memory (MB): peak = 794.359 ; gain = 169.789
ERROR: [Common 17-39] 'open_project' failed due to earlier errors.
update_compile_order -fileset sources_1
save_project_as project_1 C:/Users/90534/project_1 -force
WARNING: [IP_Flow 19-2162] IP 'accumulator_core' is locked:
* IP definition 'Floating-point (7.1)' for IP 'accumulator_core' (customized with software release 2020.1) has a different revision in the IP Catalog.
Please select 'Report IP Status' from the 'Tools/Report' menu or run Tcl command 'report_ip_status' for more information.
WARNING: [IP_Flow 19-2162] IP 'accumulator_core' is locked:
* IP definition 'Floating-point (7.1)' for IP 'accumulator_core' (customized with software release 2020.1) has a different revision in the IP Catalog.
Please select 'Report IP Status' from the 'Tools/Report' menu or run Tcl command 'report_ip_status' for more information.
WARNING: [IP_Flow 19-2162] IP 'adder_core' is locked:
* IP definition 'Floating-point (7.1)' for IP 'adder_core' (customized with software release 2020.1) has a different revision in the IP Catalog.
Please select 'Report IP Status' from the 'Tools/Report' menu or run Tcl command 'report_ip_status' for more information.
WARNING: [IP_Flow 19-2162] IP 'adder_core' is locked:
* IP definition 'Floating-point (7.1)' for IP 'adder_core' (customized with software release 2020.1) has a different revision in the IP Catalog.
Please select 'Report IP Status' from the 'Tools/Report' menu or run Tcl command 'report_ip_status' for more information.
WARNING: [IP_Flow 19-2162] IP 'fixed_to_float' is locked:
* IP definition 'Floating-point (7.1)' for IP 'fixed_to_float' (customized with software release 2020.1) has a different revision in the IP Catalog.
Please select 'Report IP Status' from the 'Tools/Report' menu or run Tcl command 'report_ip_status' for more information.
WARNING: [IP_Flow 19-2162] IP 'fixed_to_float' is locked:
* IP definition 'Floating-point (7.1)' for IP 'fixed_to_float' (customized with software release 2020.1) has a different revision in the IP Catalog.
Please select 'Report IP Status' from the 'Tools/Report' menu or run Tcl command 'report_ip_status' for more information.
WARNING: [IP_Flow 19-2162] IP 'float_to_fixed' is locked:
* IP definition 'Floating-point (7.1)' for IP 'float_to_fixed' (customized with software release 2020.1) has a different revision in the IP Catalog.
Please select 'Report IP Status' from the 'Tools/Report' menu or run Tcl command 'report_ip_status' for more information.
WARNING: [IP_Flow 19-2162] IP 'float_to_fixed' is locked:
* IP definition 'Floating-point (7.1)' for IP 'float_to_fixed' (customized with software release 2020.1) has a different revision in the IP Catalog.
Please select 'Report IP Status' from the 'Tools/Report' menu or run Tcl command 'report_ip_status' for more information.
WARNING: [IP_Flow 19-2162] IP 'multiplier_core' is locked:
* IP definition 'Floating-point (7.1)' for IP 'multiplier_core' (customized with software release 2020.1) has a different revision in the IP Catalog.
Please select 'Report IP Status' from the 'Tools/Report' menu or run Tcl command 'report_ip_status' for more information.
WARNING: [IP_Flow 19-2162] IP 'multiplier_core' is locked:
* IP definition 'Floating-point (7.1)' for IP 'multiplier_core' (customized with software release 2020.1) has a different revision in the IP Catalog.
Please select 'Report IP Status' from the 'Tools/Report' menu or run Tcl command 'report_ip_status' for more information.
save_project_as: Time (s): cpu = 00:00:12 ; elapsed = 00:00:08 . Memory (MB): peak = 802.492 ; gain = 6.168
exit
INFO: [Common 17-206] Exiting Vivado at Tue Jul 28 01:09:46 2020...
